2019-02-06 11:27:10,907 [Worker-2: Loading available Gradle versions] INFO  o.e.b.c.i.u.g.PublishedGradleVersions - Gradle version information cache is up-to-date. Trying to read.
2019-02-06 11:27:41,853 [Worker-5: Importing Maven projects] INFO  o.e.m.c.i.l.LifecycleMappingFactory - Using org.eclipse.m2e.jdt.JarLifecycleMapping lifecycle mapping for MavenProject: com.moneymoney.app:accounts-service:0.0.1-SNAPSHOT @ C:\Users\srgunti\Desktop\Docker Assignment Questions\BankApp- Messaging\account-service\account-service\pom.xml.
2019-02-06 11:27:46,855 [Worker-5: Importing Maven projects] INFO  o.e.m.c.i.l.LifecycleMappingFactory - Using org.eclipse.m2e.jdt.JarLifecycleMapping lifecycle mapping for MavenProject: com.cg.app:config-server:0.0.1-SNAPSHOT @ C:\Users\srgunti\Desktop\Docker Assignment Questions\BankApp- Messaging\configServer\configServer\pom.xml.
2019-02-06 11:27:47,654 [Worker-5: Importing Maven projects] INFO  o.e.m.c.i.l.LifecycleMappingFactory - Using org.eclipse.m2e.jdt.JarLifecycleMapping lifecycle mapping for MavenProject: com.cg.zuul.demo:SpringZuulGatewayProxy:0.0.1-SNAPSHOT @ C:\Users\srgunti\Desktop\Docker Assignment Questions\BankApp- Messaging\SpringZuulGatewayProxy\SpringZuulGatewayProxy\pom.xml.
2019-02-06 11:27:49,768 [Worker-5: Importing Maven projects] INFO  o.e.m.c.i.l.LifecycleMappingFactory - Using org.eclipse.m2e.jdt.JarLifecycleMapping lifecycle mapping for MavenProject: com.moneymoney.app:transactions-service:0.0.1-SNAPSHOT @ C:\Users\srgunti\Desktop\Docker Assignment Questions\BankApp- Messaging\transaction\transaction\pom.xml.
2019-02-06 11:27:50,302 [Worker-5: Importing Maven projects] INFO  o.e.m.c.i.l.LifecycleMappingFactory - Using org.eclipse.m2e.jdt.JarLifecycleMapping lifecycle mapping for MavenProject: com.cg:eureka-server:0.0.1-SNAPSHOT @ C:\Users\srgunti\Desktop\Docker Assignment Questions\BankApp- Messaging\urekaservice\urekaservice\pom.xml.
2019-02-06 11:27:50,879 [Worker-5: Importing Maven projects] INFO  o.e.m.c.i.l.LifecycleMappingFactory - Using org.eclipse.m2e.jdt.JarLifecycleMapping lifecycle mapping for MavenProject: com.moneymoney.web:website:0.0.1-SNAPSHOT @ C:\Users\srgunti\Desktop\Docker Assignment Questions\BankApp- Messaging\website\pom.xml.
2019-02-06 11:27:56,029 [Worker-5: Importing Maven projects] INFO  o.e.m.j.i.AbstractJavaProjectConfigurator - Adding source folder /transactions-service/src/main/java
2019-02-06 11:27:56,030 [Worker-5: Importing Maven projects] INFO  o.e.m.j.i.AbstractJavaProjectConfigurator - Adding resource folder /transactions-service/src/main/resources
2019-02-06 11:27:56,031 [Worker-5: Importing Maven projects] INFO  o.e.m.j.i.AbstractJavaProjectConfigurator - Adding resource folder /transactions-service/src/main/resources
2019-02-06 11:27:56,032 [Worker-5: Importing Maven projects] INFO  o.e.m.j.i.AbstractJavaProjectConfigurator - Adding source folder /transactions-service/src/test/java
2019-02-06 11:27:56,624 [Worker-5: Importing Maven projects] INFO  o.e.m.j.i.AbstractJavaProjectConfigurator - Adding source folder /SpringZuulGatewayProxy/src/main/java
2019-02-06 11:27:56,625 [Worker-5: Importing Maven projects] INFO  o.e.m.j.i.AbstractJavaProjectConfigurator - Adding resource folder /SpringZuulGatewayProxy/src/main/resources
2019-02-06 11:27:56,625 [Worker-5: Importing Maven projects] INFO  o.e.m.j.i.AbstractJavaProjectConfigurator - Adding resource folder /SpringZuulGatewayProxy/src/main/resources
2019-02-06 11:27:56,626 [Worker-5: Importing Maven projects] INFO  o.e.m.j.i.AbstractJavaProjectConfigurator - Adding source folder /SpringZuulGatewayProxy/src/test/java
2019-02-06 11:27:57,055 [Worker-5: Importing Maven projects] INFO  o.e.m.j.i.AbstractJavaProjectConfigurator - Adding source folder /website/src/main/java
2019-02-06 11:27:57,056 [Worker-5: Importing Maven projects] INFO  o.e.m.j.i.AbstractJavaProjectConfigurator - Adding resource folder /website/src/main/resources
2019-02-06 11:27:57,056 [Worker-5: Importing Maven projects] INFO  o.e.m.j.i.AbstractJavaProjectConfigurator - Adding resource folder /website/src/main/resources
2019-02-06 11:27:57,057 [Worker-5: Importing Maven projects] INFO  o.e.m.j.i.AbstractJavaProjectConfigurator - Adding source folder /website/src/test/java
2019-02-06 11:27:57,444 [Worker-5: Importing Maven projects] INFO  o.e.m.j.i.AbstractJavaProjectConfigurator - Adding source folder /eureka-server/src/main/java
2019-02-06 11:27:57,445 [Worker-5: Importing Maven projects] INFO  o.e.m.j.i.AbstractJavaProjectConfigurator - Adding resource folder /eureka-server/src/main/resources
2019-02-06 11:27:57,445 [Worker-5: Importing Maven projects] INFO  o.e.m.j.i.AbstractJavaProjectConfigurator - Adding resource folder /eureka-server/src/main/resources
2019-02-06 11:27:57,446 [Worker-5: Importing Maven projects] INFO  o.e.m.j.i.AbstractJavaProjectConfigurator - Adding source folder /eureka-server/src/test/java
2019-02-06 11:27:57,876 [Worker-5: Importing Maven projects] INFO  o.e.m.j.i.AbstractJavaProjectConfigurator - Adding source folder /accounts-service/src/main/java
2019-02-06 11:27:57,876 [Worker-5: Importing Maven projects] INFO  o.e.m.j.i.AbstractJavaProjectConfigurator - Adding resource folder /accounts-service/src/main/resources
2019-02-06 11:27:57,877 [Worker-5: Importing Maven projects] INFO  o.e.m.j.i.AbstractJavaProjectConfigurator - Adding resource folder /accounts-service/src/main/resources
2019-02-06 11:27:57,878 [Worker-5: Importing Maven projects] INFO  o.e.m.j.i.AbstractJavaProjectConfigurator - Adding source folder /accounts-service/src/test/java
2019-02-06 11:27:58,271 [Worker-5: Importing Maven projects] INFO  o.e.m.j.i.AbstractJavaProjectConfigurator - Adding source folder /config-server/src/main/java
2019-02-06 11:27:58,272 [Worker-5: Importing Maven projects] INFO  o.e.m.j.i.AbstractJavaProjectConfigurator - Adding resource folder /config-server/src/main/resources
2019-02-06 11:27:58,272 [Worker-5: Importing Maven projects] INFO  o.e.m.j.i.AbstractJavaProjectConfigurator - Adding resource folder /config-server/src/main/resources
2019-02-06 11:27:58,272 [Worker-5: Importing Maven projects] INFO  o.e.m.j.i.AbstractJavaProjectConfigurator - Adding source folder /config-server/src/test/java
2019-02-06 11:27:58,467 [Worker-5: Importing Maven projects] INFO  o.e.m.c.i.p.ProjectConfigurationManager - Imported and configured 6 project(s) in 22 sec
2019-02-06 11:28:02,892 [Worker-3: Building workspace] INFO  o.e.m.c.i.embedder.EclipseLogger - Using 'UTF-8' encoding to copy filtered resources.
2019-02-06 11:28:02,914 [Worker-3: Building workspace] INFO  o.e.m.c.i.embedder.EclipseLogger - Copying 1 resource
2019-02-06 11:28:02,933 [Worker-3: Building workspace] INFO  o.e.m.c.i.embedder.EclipseLogger - Copying 0 resource
2019-02-06 11:28:02,935 [Worker-3: Building workspace] INFO  o.e.m.c.i.embedder.EclipseLogger - Using 'UTF-8' encoding to copy filtered resources.
2019-02-06 11:28:02,936 [Worker-3: Building workspace] INFO  o.e.m.c.i.embedder.EclipseLogger - skip non existing resourceDirectory C:\Users\srgunti\Desktop\Docker Assignment Questions\BankApp- Messaging\SpringZuulGatewayProxy\SpringZuulGatewayProxy\src\test\resources
2019-02-06 11:28:08,627 [Worker-3: Building workspace] INFO  o.e.m.c.i.embedder.EclipseLogger - Using 'UTF-8' encoding to copy filtered resources.
2019-02-06 11:28:08,630 [Worker-3: Building workspace] INFO  o.e.m.c.i.embedder.EclipseLogger - Copying 1 resource
2019-02-06 11:28:08,667 [Worker-3: Building workspace] INFO  o.e.m.c.i.embedder.EclipseLogger - Copying 1 resource
2019-02-06 11:28:08,678 [Worker-3: Building workspace] INFO  o.e.m.c.i.embedder.EclipseLogger - Using 'UTF-8' encoding to copy filtered resources.
2019-02-06 11:28:08,678 [Worker-3: Building workspace] INFO  o.e.m.c.i.embedder.EclipseLogger - skip non existing resourceDirectory C:\Users\srgunti\Desktop\Docker Assignment Questions\BankApp- Messaging\account-service\account-service\src\test\resources
2019-02-06 11:28:10,501 [Worker-3: Building workspace] INFO  o.e.m.c.i.embedder.EclipseLogger - Using 'UTF-8' encoding to copy filtered resources.
2019-02-06 11:28:10,502 [Worker-3: Building workspace] INFO  o.e.m.c.i.embedder.EclipseLogger - Copying 1 resource
2019-02-06 11:28:10,505 [Worker-3: Building workspace] INFO  o.e.m.c.i.embedder.EclipseLogger - Copying 0 resource
2019-02-06 11:28:10,507 [Worker-3: Building workspace] INFO  o.e.m.c.i.embedder.EclipseLogger - Using 'UTF-8' encoding to copy filtered resources.
2019-02-06 11:28:10,507 [Worker-3: Building workspace] INFO  o.e.m.c.i.embedder.EclipseLogger - skip non existing resourceDirectory C:\Users\srgunti\Desktop\Docker Assignment Questions\BankApp- Messaging\configServer\configServer\src\test\resources
2019-02-06 11:28:13,767 [Worker-7: Building workspace] INFO  o.e.m.c.i.embedder.EclipseLogger - Using 'UTF-8' encoding to copy filtered resources.
2019-02-06 11:28:13,768 [Worker-7: Building workspace] INFO  o.e.m.c.i.embedder.EclipseLogger - Copying 0 resource
2019-02-06 11:28:13,768 [Worker-7: Building workspace] INFO  o.e.m.c.i.embedder.EclipseLogger - Copying 1 resource
2019-02-06 11:28:13,777 [Worker-7: Building workspace] INFO  o.e.m.c.i.embedder.EclipseLogger - Using 'UTF-8' encoding to copy filtered resources.
2019-02-06 11:28:13,777 [Worker-7: Building workspace] INFO  o.e.m.c.i.embedder.EclipseLogger - skip non existing resourceDirectory C:\Users\srgunti\Desktop\Docker Assignment Questions\BankApp- Messaging\urekaservice\urekaservice\src\test\resources
2019-02-06 11:28:20,668 [Worker-4: Building workspace] INFO  o.e.m.c.i.embedder.EclipseLogger - Using 'UTF-8' encoding to copy filtered resources.
2019-02-06 11:28:20,669 [Worker-4: Building workspace] INFO  o.e.m.c.i.embedder.EclipseLogger - Copying 0 resource
2019-02-06 11:28:20,669 [Worker-4: Building workspace] INFO  o.e.m.c.i.embedder.EclipseLogger - Copying 1 resource
2019-02-06 11:28:20,675 [Worker-4: Building workspace] INFO  o.e.m.c.i.embedder.EclipseLogger - Using 'UTF-8' encoding to copy filtered resources.
2019-02-06 11:28:20,675 [Worker-4: Building workspace] INFO  o.e.m.c.i.embedder.EclipseLogger - skip non existing resourceDirectory C:\Users\srgunti\Desktop\Docker Assignment Questions\BankApp- Messaging\transaction\transaction\src\test\resources
2019-02-06 11:28:23,595 [Worker-5: Building workspace] INFO  o.e.m.c.i.embedder.EclipseLogger - Using 'UTF-8' encoding to copy filtered resources.
2019-02-06 11:28:23,596 [Worker-5: Building workspace] INFO  o.e.m.c.i.embedder.EclipseLogger - Copying 0 resource
2019-02-06 11:28:23,597 [Worker-5: Building workspace] INFO  o.e.m.c.i.embedder.EclipseLogger - Copying 1 resource
2019-02-06 11:28:23,603 [Worker-5: Building workspace] INFO  o.e.m.c.i.embedder.EclipseLogger - Using 'UTF-8' encoding to copy filtered resources.
2019-02-06 11:28:23,603 [Worker-5: Building workspace] INFO  o.e.m.c.i.embedder.EclipseLogger - skip non existing resourceDirectory C:\Users\srgunti\Desktop\Docker Assignment Questions\BankApp- Messaging\website\src\test\resources
